<?xml version="1.0" encoding="UTF-8"?>
<testsuite xmlns:xsi="http://www.w3.org/2001/XMLSchema-instance" xsi:noNamespaceSchemaLocation="https://maven.apache.org/surefire/maven-surefire-plugin/xsd/surefire-test-report-3.0.xsd" version="3.0" name="TestSuite" time="14.156" tests="1" errors="0" skipped="0" failures="0">
  <properties>
[...]
</properties>
  <testcase name="runScenario[&quot;Launch sauce demo and login&quot;, &quot;Sauce labs login&quot;](1)" classname="com.bdd.selenium.runner.TestRunner" time="13.304">
    <system-out><![CDATA[
Scenario: Launch sauce demo and login                             # src/test/resources/features/saucelabs.feature:3

    Test Started: Launch sauce demo and login

  Given the url is launched                                       # com.bdd.selenium.stepdefinitions.saucelabs.urlislaunched()
  When I login with valid user "standard_user" and "secret_sauce" # com.bdd.selenium.stepdefinitions.saucelabs.openGoogleHomepage(java.lang.String,java.lang.String)
  Then the search results should contain "Products"               # com.bdd.selenium.stepdefinitions.saucelabs.verifySearchResults(java.lang.String)
]]></system-out>
    <system-err><![CDATA[SLF4J(W): No SLF4J providers were found.
SLF4J(W): Defaulting to no-operation (NOP) logger implementation
SLF4J(W): See https://www.slf4j.org/codes.html#noProviders for further details.
Jun 02, 2025 10:33:08 PM org.openqa.selenium.remote.tracing.opentelemetry.OpenTelemetryTracer createTracer
INFO: Using OpenTelemetry for tracing
]]></system-err>
  </testcase>
</testsuite>