<?xml version="1.0" encoding="UTF-8"?>
<testng-results ignored="0" total="1" passed="1" failed="0" skipped="0">
  <reporter-output>
  </reporter-output>
  <suite started-at="2025-06-02T22:33:07 IST" name="Google Search Test Suite" finished-at="2025-06-02T22:33:21 IST" duration-ms="13819">
    <groups>
      <group name="cucumber">
        <method signature="AbstractTestNGCucumberTests.runScenario(io.cucumber.testng.PickleWrapper,io.cucumber.testng.FeatureWrapper)[pri:0, instance:com.bdd.selenium.runner.TestRunner@50b472aa]" name="runScenario" class="io.cucumber.testng.AbstractTestNGCucumberTests"/>
      </group> <!-- cucumber -->
    </groups>
    <test started-at="2025-06-02T22:33:07 IST" name="Google Search Test" finished-at="2025-06-02T22:33:21 IST" duration-ms="13819">
      <class name="com.bdd.selenium.runner.TestRunner">
        <test-method is-config="true" signature="setUpClass(org.testng.ITestContext)[pri:0, instance:com.bdd.selenium.runner.TestRunner@50b472aa]" started-at="2025-06-02T22:33:07 IST" name="setUpClass" finished-at="2025-06-02T22:33:08 IST" duration-ms="449" status="PASS">
          <params>
            <param index="0">
              <value>
                <![CDATA[org.testng.TestRunner@2b5c4f17]]>
              </value>
            </param>
          </params>
          <reporter-output>
          </reporter-output>
        </test-method> <!-- setUpClass -->
        <test-method signature="runScenario(io.cucumber.testng.PickleWrapper,io.cucumber.testng.FeatureWrapper)[pri:0, instance:com.bdd.selenium.runner.TestRunner@50b472aa]" started-at="2025-06-02T22:33:08 IST" name="runScenario" description="Runs Cucumber Scenarios" data-provider="scenarios" finished-at="2025-06-02T22:33:21 IST" duration-ms="13303" status="PASS">
          <params>
            <param index="0">
              <value>
                <![CDATA["Launch sauce demo and login"]]>
              </value>
            </param>
            <param index="1">
              <value>
                <![CDATA["Sauce labs login"]]>
              </value>
            </param>
          </params>
          <reporter-output>
          </reporter-output>
        </test-method> <!-- runScenario -->
        <test-method is-config="true" signature="tearDownClass()[pri:0, instance:com.bdd.selenium.runner.TestRunner@50b472aa]" started-at="2025-06-02T22:33:21 IST" name="tearDownClass" finished-at="2025-06-02T22:33:21 IST" duration-ms="41" status="PASS">
          <reporter-output>
          </reporter-output>
        </test-method> <!-- tearDownClass -->
      </class> <!-- com.bdd.selenium.runner.TestRunner -->
    </test> <!-- Google Search Test -->
  </suite> <!-- Google Search Test Suite -->
</testng-results>
